111111111111111111111
000000000000000000000
 ====================2016-7-15===================
修复部分页面排版问题
简化新用户注册流程
部分bug修复
====================2016-6-10===================
====================2016-7-06===================
增加收支分析功能
增加用户交流功能
整体优化，修复部分bug
====================2016-6-10===================
====================2016-6-17===================
收益报告新增上传估量
====================2016-6-10===================
新增了UPNP开关，调整了挖矿计划页面(接口未完成)
====================2016-5-27===================
login.py                                修改登录接口解决登陆问题
templates/login.html                    首页添加了站长统计和显示矿机统计
templates/base.html                     登陆后页面底部能够显示矿机统计

====================2016-5-10===================
crysadm_helper.py                       收益报告和矿机异常报告现在将能自动重发(仅当邮件发送失败)。修复了数据统计中7日矿机收益统计不准确的问题、30日产量的统计不准确的问题（即日起生效，过往记录不补），修复了宝箱收益和矿场收益之和不等于今日总收益的BUG（账户越多效应越显著）。修复了矿机异常报告的换行问题，改用监工的账户信息页面的邮件地址作为收件地址
user.py                                 整合了明日的注册邮箱既用户名的逻辑
admin.py                                移除了提醒邮件地址设置的后台支持
templates/dashboard.html                调整了收益柱子下的时间段提示文字，调整了面板的提示文字
templates/profile.html                  移除了设置提醒邮件地址按钮，该功能改由 云监工设置->账户 下的邮件地址设置提供
templates/register.html                 整合了明日的注册邮箱既用户名的逻辑

====================2016-5-9===================
crysadm_helper.py                       修复了矿机状态反复记录日志及不发邮件的问题，现在能一次发送多个同时异常的矿机状态了，添加了收益报告中的时间戳
web_common.py                           修复了面板不显示速度收益的问题
user.py                                 添加了删除筛选后的日志的功能，优化了日志筛选功能的用户体验（不要求点击顺序，时间改为自然日区间，原为回滚X个24小时）。
admin.py                                整合了明日的删除垃圾用户的逻辑
templates/base.html                     修改以配合新的日志参数
templates/log.html                      添加删除筛选结果按钮
templates/dashboard.html                使用默认统计时，不再显示打开速度曲线的按钮
templates/admin_user.html               整合了明日的删除垃圾用户的几个按钮

====================2016-5-8===================
crysadm_helper.py                       调整了矿机状态监测逻辑，修复了自动报告功能不发邮件的BUG(对于0点之后被自动重启的监工)。宝箱转盘改为迅雷的统计方案
api.py                                  添加了收益记录接口
web_common.py                           调整了宝箱转盘统计的后台逻辑，今日收益不再包括宝箱转盘收益

====================2016-5-7===================
admin.py                                测试邮件的发送地址添加了验证
crysadm_helper.py                       添加了自动报告任务(每天凌晨自动报告昨日收益到邮箱)，修复了缓存变动的BUG，修复了丢失矿机数据的BUG，修复了迅雷统计数据不准确的BUG
mailsand.py                             添加了验证邮件地址的函数
user.py                                 添加了自动报告开关的支持
templates/profile.html                  添加了自动报告开关

====================2016-5-6===================
admin.py                                添加了测试邮件发送功能，修复了设置参数跳转到其它标签的BUG
crysadm_helper.py                       添加了安全参数阈值，所有低于15秒的自动任务间隔都将强制解释为15秒。整合了爱转角的BUG修复：自动任务有时不生效。
user.py                                 修复了设置参数跳转到其它标签的BUG
web_common.py                           整合了爱转角的BUG修复：用户不存在时后台报告500
templates/profile.html                  修复了设置参数跳转到其它标签的BUG
templates/admin_settings.html           添加了测试邮件发送功能，修复了设置参数跳转到其它标签的BUG

====================2016-5-5===================
crysadm_helper.py                       修改所有的自动任务时间单位为秒，请先在前台改成较大的参数之后再升级
template/profile.html                   提示文字更新
template/admin_settings.html            提示文字更新
web_common.py                           整合了码神的修复不显示图表的问题的方案(移除对默认统计的速度曲线的支持)。
template/dashboard.html                 添加了切换迅雷统计、速度曲线、宝箱转盘统计区间的按钮
user.py                                 添加了对切换按钮的支持

====================2016-5-4 晚上===================
web_common.py                           修复了新用户统计不显示图表的问题

====================2016-5-4===================
admin.py                                添加了系统参数配置页面
templates/admin_settings.html           添加了系统参数配置页面
crysadm_helper.py                       修改邮件发送逻辑，修改自动任务逻辑，添加了矿机状态自动监测任务
user.py                                 自动任务显示动态提示文字,整合爱转角的邮件邀请逻辑
templates/register.html                 爱转角的邮件邀请前端页面
mailsand.py                             爱转角的邮件发送逻辑
templates/login.html                    修复注册账号的按钮为邀请码输入页面(原来为公开邀请码获取页面)
templates/profile.html                  自动任务显示更详细的提示文字
                                        
====================2016-5-2 晚上===================
web_common.py                           修复了从未切换过显示速度曲线的用户的异常显示问题
crysadm_helper.py                       修复了从未设置过提现和取现水晶下限的用户的不执行问题
templates/profile.html                  调整了邮箱地址按钮的文字

==========2016-5-2==========
新增邮件提醒功能
新增状态日志
新增水晶收取下限、邮件地址设置

==========2016-5-1==========
优化了主界面排版
添加了三态开关用户切换宝箱统计区间
新增了缓存变动日志和矿机状态改变日志

==========2016-4-30 晚上==========

优化了主界面排版
添加了显示/隐藏速度曲线、本周宝箱/挖矿收益切换开关

==========2016-4-30 下午==========

添加了速度显示、别名/账户名切换开关

优化了主界面排版、设置页面排版



==========2016-4-30 上午==========

修复了清空日志报错的BUG

添加了自动只保留31天内日志的功能
